<?xml version="1.0" encoding="UTF-8"?>
<testsuite name="UserTest" tests="1" skipped="0" failures="0" errors="0" timestamp="2021-10-26T02:07:51" hostname="DESKTOP-6QHCVA8" time="0.043">
  <properties/>
  <testcase name="userTest()" classname="UserTest" time="0.043"/>
  <system-out><![CDATA[Mobile Number Test
]]></system-out>
  <system-err><![CDATA[]]></system-err>
</testsuite>
