<?xml version="1.0" encoding="UTF-8"?>
<testsuite name="com.uservalidation.UserValidatorTest" tests="1" skipped="0" failures="0" errors="0" timestamp="2021-10-27T10:25:37" hostname="DESKTOP-6QHCVA8" time="0.025">
  <properties/>
  <testcase name="givenPasswordShouldReturnTrueWhenSpecialCharaterhaveAnyOne()" classname="com.uservalidation.UserValidatorTest" time="0.025"/>
  <system-out><![CDATA[]]></system-out>
  <system-err><![CDATA[]]></system-err>
</testsuite>
