<?xml version="1.0" encoding="UTF-8"?>
<testsuite name="com.uservalidation.UserValidatorTest" tests="1" skipped="0" failures="0" errors="0" timestamp="2021-10-28T00:02:33" hostname="DESKTOP-6QHCVA8" time="0.029">
  <properties/>
  <testcase name="givenMessageShouldReturnHappyWhenTestIsPassed()" classname="com.uservalidation.UserValidatorTest" time="0.029"/>
  <system-out><![CDATA[]]></system-out>
  <system-err><![CDATA[]]></system-err>
</testsuite>
